Args in experiment:
Namespace(activation='gelu', batch_size=32, c_out=7, checkpoints='./checkpoints/', conv_channel=32, d_ff=64, d_layers=1, d_model=32, data='ETTh1', data_path='ETTh1.csv', dec_in=7, des='Exp', devices='0,1,2,3', distil=True, do_predict=False, dropout=0.1, e_layers=1, embed='timeF', embed_type=0, enc_in=7, factor=3, features='M', freq='h', gcn_depth=2, gcn_dropout=0.3, gpu=0, individual=False, is_training=1, itr=1, label_len=48, learning_rate=0.0001, loss='MSE', lradj='type1', model='MSGNet', model_id='ETTh1_336_192', moving_avg=25, n_heads=8, node_dim=10, num_kernels=6, num_nodes=7, num_workers=8, output_attention=False, patience=3, pred_len=192, propalpha=0.3, root_path='./dataset/', seasonal_patterns='Monthly', seq_len=336, skip_channel=32, subgraph_size=3, tanhalpha=3, target='OT', task_name='long_term_forecast', test_flop=False, top_k=3, train_epochs=10, use_amp=False, use_gpu=True, use_multi_gpu=False)
Use GPU: cuda:0
>>>>>>>start training : ETTh1_336_192_MSGNet_ETTh1_ftM_sl336_ll48_pl192_dm32_nh8_el1_dl1_df64_fc3_ebtimeF_dtTrue_Exp_0>>>>>>>>>>>>>>>>>>>>>>>>>>
train 8113
val 2689
test 2689
	iters: 100, epoch: 1 | loss: 0.5265017
	speed: 0.0954s/iter; left time: 231.8453s
	iters: 200, epoch: 1 | loss: 0.3793961
	speed: 0.0858s/iter; left time: 199.8862s
Epoch: 1 cost time: 22.70989179611206
Epoch: 1, Steps: 253 | Train Loss: 0.4804583 Vali Loss: 1.0550638 Test Loss: 0.4542131
Validation loss decreased (inf --> 1.055064).  Saving model ...
Updating learning rate to 0.0001
	iters: 100, epoch: 2 | loss: 0.3548863
	speed: 0.1963s/iter; left time: 427.5001s
	iters: 200, epoch: 2 | loss: 0.4389765
	speed: 0.0830s/iter; left time: 172.5177s
Epoch: 2 cost time: 22.167115211486816
Epoch: 2, Steps: 253 | Train Loss: 0.3780066 Vali Loss: 1.0735142 Test Loss: 0.4660649
EarlyStopping counter: 1 out of 3
Updating learning rate to 5e-05
	iters: 100, epoch: 3 | loss: 0.3835352
	speed: 0.1960s/iter; left time: 377.3729s
	iters: 200, epoch: 3 | loss: 0.3016958
	speed: 0.0842s/iter; left time: 153.5927s
Epoch: 3 cost time: 22.606958627700806
Epoch: 3, Steps: 253 | Train Loss: 0.3408735 Vali Loss: 1.1051507 Test Loss: 0.4705343
EarlyStopping counter: 2 out of 3
Updating learning rate to 2.5e-05
	iters: 100, epoch: 4 | loss: 0.3312109
	speed: 0.1933s/iter; left time: 323.1932s
	iters: 200, epoch: 4 | loss: 0.3211494
	speed: 0.0851s/iter; left time: 133.7262s
Epoch: 4 cost time: 22.59535050392151
Epoch: 4, Steps: 253 | Train Loss: 0.3235035 Vali Loss: 1.1309958 Test Loss: 0.4783176
EarlyStopping counter: 3 out of 3
Early stopping
>>>>>>>testing : ETTh1_336_192_MSGNet_ETTh1_ftM_sl336_ll48_pl192_dm32_nh8_el1_dl1_df64_fc3_ebtimeF_dtTrue_Exp_0<<<<<<<<<<<<<<<<<<<<<<<<<<<<<<<<<
test 2689
preds_shape: (84, 32, 192, 7)
trues_shape: (84, 32, 192, 7)
nd:0.5819659233093262, nrmse:0.8444816470146179, mse:0.45421335101127625, mae:0.4644481837749481, rse:0.6400024890899658, mape:12.096920013427734
time: 122.83810567855835
