Args in experiment:
Namespace(activation='gelu', batch_size=32, c_out=7, checkpoints='./checkpoints/', conv_channel=32, d_ff=64, d_layers=1, d_model=32, data='ETTh1', data_path='ETTh1.csv', dec_in=7, des='Exp', devices='0,1,2,3', distil=True, do_predict=False, dropout=0.1, e_layers=1, embed='timeF', embed_type=0, enc_in=7, factor=3, features='M', freq='h', gcn_depth=2, gcn_dropout=0.3, gpu=0, individual=False, is_training=1, itr=1, label_len=48, learning_rate=0.0001, loss='MSE', lradj='type1', model='MSGNet', model_id='ETTh1_336_96', moving_avg=25, n_heads=8, node_dim=10, num_kernels=6, num_nodes=7, num_workers=8, output_attention=False, patience=3, pred_len=96, propalpha=0.3, root_path='./dataset/', seasonal_patterns='Monthly', seq_len=336, skip_channel=32, subgraph_size=3, tanhalpha=3, target='OT', task_name='long_term_forecast', test_flop=False, top_k=3, train_epochs=10, use_amp=False, use_gpu=True, use_multi_gpu=False)
Use GPU: cuda:0
>>>>>>>start training : ETTh1_336_96_MSGNet_ETTh1_ftM_sl336_ll48_pl96_dm32_nh8_el1_dl1_df64_fc3_ebtimeF_dtTrue_Exp_0>>>>>>>>>>>>>>>>>>>>>>>>>>
train 8209
val 2785
test 2785
	iters: 100, epoch: 1 | loss: 0.4220422
	speed: 0.0983s/iter; left time: 241.8296s
	iters: 200, epoch: 1 | loss: 0.4002555
	speed: 0.0904s/iter; left time: 213.4775s
Epoch: 1 cost time: 24.722893476486206
Epoch: 1, Steps: 256 | Train Loss: 0.4343671 Vali Loss: 0.8538984 Test Loss: 0.4198195
Validation loss decreased (inf --> 0.853898).  Saving model ...
Updating learning rate to 0.0001
	iters: 100, epoch: 2 | loss: 0.3582757
	speed: 0.2437s/iter; left time: 537.3129s
	iters: 200, epoch: 2 | loss: 0.3219483
	speed: 0.0863s/iter; left time: 181.5693s
Epoch: 2 cost time: 24.512377977371216
Epoch: 2, Steps: 256 | Train Loss: 0.3358792 Vali Loss: 0.8412003 Test Loss: 0.4280117
Validation loss decreased (0.853898 --> 0.841200).  Saving model ...
Updating learning rate to 5e-05
	iters: 100, epoch: 3 | loss: 0.3018527
	speed: 0.2454s/iter; left time: 478.2720s
	iters: 200, epoch: 3 | loss: 0.2626061
	speed: 0.0876s/iter; left time: 162.0413s
Epoch: 3 cost time: 24.50380563735962
Epoch: 3, Steps: 256 | Train Loss: 0.2958976 Vali Loss: 0.8479421 Test Loss: 0.4396226
EarlyStopping counter: 1 out of 3
Updating learning rate to 2.5e-05
	iters: 100, epoch: 4 | loss: 0.2652093
	speed: 0.2374s/iter; left time: 401.8796s
	iters: 200, epoch: 4 | loss: 0.2364917
	speed: 0.0864s/iter; left time: 137.6015s
Epoch: 4 cost time: 24.352858304977417
Epoch: 4, Steps: 256 | Train Loss: 0.2777580 Vali Loss: 0.8626227 Test Loss: 0.4531446
EarlyStopping counter: 2 out of 3
Updating learning rate to 1.25e-05
	iters: 100, epoch: 5 | loss: 0.2574503
	speed: 0.2348s/iter; left time: 337.4366s
	iters: 200, epoch: 5 | loss: 0.2296783
	speed: 0.0886s/iter; left time: 118.5120s
Epoch: 5 cost time: 24.247217178344727
Epoch: 5, Steps: 256 | Train Loss: 0.2686227 Vali Loss: 0.8689145 Test Loss: 0.4581064
EarlyStopping counter: 3 out of 3
Early stopping
>>>>>>>testing : ETTh1_336_96_MSGNet_ETTh1_ftM_sl336_ll48_pl96_dm32_nh8_el1_dl1_df64_fc3_ebtimeF_dtTrue_Exp_0<<<<<<<<<<<<<<<<<<<<<<<<<<<<<<<<<
test 2785
preds_shape: (87, 32, 96, 7)
trues_shape: (87, 32, 96, 7)
nd:0.5586808323860168, nrmse:0.8219068646430969, mse:0.4280117452144623, mae:0.4447019100189209, rse:0.621414840221405, mape:10.63268756866455
time: 176.2220275402069
